07:42:46.978 [main] DEBUG - Parsing relationship: /_rels/.rels
07:42:47.000 [main] DEBUG - using default POIXMLDocumentPart for http://schemas.openxmlformats.org/officeDocument/2006/relationships/printerSettings
07:43:02.204 [main] INFO  - Goto my account-->Click on Login.. 
07:43:02.768 [main] DEBUG - Parsing relationship: /xl/_rels/workbook.xml.rels
07:43:02.771 [main] DEBUG - Parsing relationship: /xl/worksheets/_rels/sheet1.xml.rels
07:43:02.772 [main] DEBUG - Parsing relationship: /_rels/.rels
07:43:02.783 [main] DEBUG - using default POIXMLDocumentPart for http://schemas.openxmlformats.org/officeDocument/2006/relationships/printerSettings
07:43:18.446 [main] INFO  - Goto my account-->Click on Login.. 
07:43:19.010 [main] DEBUG - Parsing relationship: /xl/_rels/workbook.xml.rels
07:43:19.012 [main] DEBUG - Parsing relationship: /xl/worksheets/_rels/sheet1.xml.rels
07:43:19.013 [main] DEBUG - Parsing relationship: /_rels/.rels
07:43:19.027 [main] DEBUG - using default POIXMLDocumentPart for http://schemas.openxmlformats.org/officeDocument/2006/relationships/printerSettings
07:50:24.166 [main] INFO  - Goto my account-->Click on Login.. 
07:50:24.723 [main] INFO  - Entering email and password.. 
07:50:25.689 [main] INFO  - clicked on login button...
07:52:42.486 [main] INFO  - Goto my account-->Click on Login.. 
07:52:42.985 [main] INFO  - Entering email and password.. 
07:52:43.714 [main] INFO  - clicked on login button...
07:55:08.684 [main] INFO  - Goto my account-->Click on Login.. 
07:55:09.306 [main] INFO  - Entering email and password.. 
07:55:10.334 [main] INFO  - clicked on login button...
07:58:17.907 [main] INFO  - Goto my account-->Click on Login.. 
07:58:18.457 [main] INFO  - Entering email and password.. 
07:58:19.518 [main] INFO  - clicked on login button...
07:58:53.684 [main] INFO  - Goto my account-->Click on Login.. 
07:58:54.303 [main] INFO  - Entering email and password.. 
07:58:55.417 [main] INFO  - clicked on login button...
08:02:13.596 [main] INFO  - Goto my account-->Click on Login.. 
08:02:14.126 [main] INFO  - Entering email and password.. 
08:02:15.149 [main] INFO  - clicked on login button...
08:04:47.286 [main] INFO  - Goto my account-->Click on Login.. 
08:04:47.822 [main] INFO  - Entering email and password.. 
08:04:48.799 [main] INFO  - clicked on login button...
06:38:57.008 [main] INFO  - Goto my account-->Click on Login.. 
06:38:57.510 [main] INFO  - Entering email and password.. 
06:38:58.494 [main] INFO  - clicked on login button...
20:02:04.857 [main] INFO  - Goto my account-->Click on Login.. 
20:02:06.067 [main] DEBUG - Parsing relationship: /xl/_rels/workbook.xml.rels
20:02:06.072 [main] DEBUG - Parsing relationship: /xl/worksheets/_rels/sheet1.xml.rels
20:02:06.077 [main] DEBUG - Parsing relationship: /_rels/.rels
20:02:06.488 [main] TRACE - Loading type system org.apache.poi.schemas.ooxml.system.ooxml
20:02:06.495 [main] TRACE - Loading type system org.apache.xmlbeans.metadata.system.sXMLCONFIG
20:02:06.495 [main] TRACE - Loading type system org.apache.xmlbeans.metadata.system.sXMLLANG
20:02:06.496 [main] TRACE - Loading type system org.apache.xmlbeans.metadata.system.sXMLSCHEMA
20:02:06.497 [main] TRACE - Loading type system org.apache.xmlbeans.metadata.system.sXMLTOOLS
20:02:06.499 [main] TRACE - Reading unresolved handles for type system org.apache.xmlbeans.metadata.system.sXMLTOOLS
20:02:06.532 [main] TRACE - Finished loading type system org.apache.xmlbeans.metadata.system.sXMLTOOLS
20:02:06.534 [main] TRACE - Reading unresolved handles for type system org.apache.xmlbeans.metadata.system.sXMLSCHEMA
20:02:06.545 [main] TRACE - Finished loading type system org.apache.xmlbeans.metadata.system.sXMLSCHEMA
20:02:06.547 [main] TRACE - Reading unresolved handles for type system org.apache.xmlbeans.metadata.system.sXMLLANG
20:02:06.548 [main] TRACE - Finished loading type system org.apache.xmlbeans.metadata.system.sXMLLANG
20:02:06.550 [main] TRACE - Reading unresolved handles for type system org.apache.xmlbeans.metadata.system.sXMLCONFIG
20:02:06.552 [main] TRACE - Finished loading type system org.apache.xmlbeans.metadata.system.sXMLCONFIG
20:02:06.554 [main] TRACE - Reading unresolved handles for type system org.apache.poi.schemas.ooxml.system.ooxml
20:02:06.647 [main] TRACE - Finished loading type system org.apache.poi.schemas.ooxml.system.ooxml
20:02:06.648 [main] TRACE - Resolving type for handle themefd26doctype
20:02:06.828 [main] TRACE - Resolving type for handle stylesheet5d8bdoctype
20:02:06.838 [main] TRACE - Resolving type for handle ctstylesheet4257type
20:02:06.855 [main] TRACE - Resolving type for handle ctfonts6623type
20:02:06.861 [main] TRACE - Resolving type for handle ctfont14d8type
20:02:06.870 [main] TRACE - Resolving type for handle ctfills2c6ftype
20:02:06.885 [main] TRACE - Resolving type for handle ctfill550ctype
20:02:06.890 [main] TRACE - Resolving type for handle ctborders0d66type
20:02:06.910 [main] TRACE - Resolving type for handle ctborderf935type
20:02:06.915 [main] TRACE - Resolving type for handle ctcellxfs1322type
20:02:06.922 [main] TRACE - Resolving type for handle ctxf97f7type
20:02:06.926 [main] TRACE - Resolving type for handle ctcellstylexfsa81ftype
20:02:06.930 [main] TRACE - Resolving type for handle ctdxfsb26atype
20:02:06.935 [main] TRACE - Resolving type for handle cttablestyles872ftype
20:02:06.941 [main] TRACE - Resolving type for handle sstf81fdoctype
20:02:06.949 [main] TRACE - Resolving type for handle ctsst44f3type
20:02:06.982 [main] TRACE - Resolving type for handle ctrsta472type
20:02:07.025 [main] DEBUG - using default POIXMLDocumentPart for http://schemas.openxmlformats.org/officeDocument/2006/relationships/printerSettings
20:02:07.027 [main] TRACE - Resolving type for handle workbookec17doctype
20:02:07.035 [main] TRACE - Resolving type for handle ctworkbook83c3type
20:02:07.046 [main] TRACE - Resolving type for handle ctsheets49fdtype
20:02:07.050 [main] TRACE - Resolving type for handle ctsheet4dbetype
20:02:07.054 [main] TRACE - Resolving type for handle strelationshipid1e94type
20:02:07.059 [main] TRACE - Resolving type for handle worksheetf539doctype
20:02:07.071 [main] TRACE - Resolving type for handle ctworksheet530dtype
20:02:07.086 [main] TRACE - Resolving type for handle ctsheetdata8408type
20:02:07.092 [main] TRACE - Resolving type for handle ctrowdd39type
20:02:07.104 [main] TRACE - Resolving type for handle ctcell842btype
20:02:07.134 [main] TRACE - Resolving type for handle stcellrefe4e0type
20:02:07.167 [main] TRACE - Resolving type for handle ctcols627ctype
20:02:07.180 [main] TRACE - Resolving type for handle ctcola95ftype
20:02:07.213 [main] TRACE - Resolving type for handle cthyperlinks6416type
20:02:07.219 [main] TRACE - Resolving type for handle cthyperlink0c85type
20:02:07.254 [main] TRACE - Resolving type for handle stxstringf179type
20:02:07.264 [main] TRACE - Resolving type for handle stcelltypebf95type
20:02:16.927 [main] INFO  - Goto my account-->Click on Login.. 
20:02:17.652 [main] DEBUG - Parsing relationship: /xl/_rels/workbook.xml.rels
20:02:17.655 [main] DEBUG - Parsing relationship: /xl/worksheets/_rels/sheet1.xml.rels
20:02:17.658 [main] DEBUG - Parsing relationship: /_rels/.rels
20:02:17.754 [main] DEBUG - using default POIXMLDocumentPart for http://schemas.openxmlformats.org/officeDocument/2006/relationships/printerSettings
20:02:36.242 [main] INFO  - Goto my account-->Click on Login.. 
20:02:37.408 [main] DEBUG - Parsing relationship: /xl/_rels/workbook.xml.rels
20:02:37.409 [main] DEBUG - Parsing relationship: /xl/worksheets/_rels/sheet1.xml.rels
20:02:37.412 [main] DEBUG - Parsing relationship: /_rels/.rels
20:02:37.432 [main] DEBUG - using default POIXMLDocumentPart for http://schemas.openxmlformats.org/officeDocument/2006/relationships/printerSettings
20:02:55.785 [main] INFO  - Goto my account-->Click on Login.. 
20:02:56.785 [main] DEBUG - Parsing relationship: /xl/_rels/workbook.xml.rels
20:02:56.787 [main] DEBUG - Parsing relationship: /xl/worksheets/_rels/sheet1.xml.rels
20:02:56.789 [main] DEBUG - Parsing relationship: /_rels/.rels
20:02:56.907 [main] DEBUG - using default POIXMLDocumentPart for http://schemas.openxmlformats.org/officeDocument/2006/relationships/printerSettings
20:03:19.144 [main] INFO  - Goto my account-->Click on Login.. 
20:03:20.069 [main] DEBUG - Parsing relationship: /xl/_rels/workbook.xml.rels
20:03:20.071 [main] DEBUG - Parsing relationship: /xl/worksheets/_rels/sheet1.xml.rels
20:03:20.073 [main] DEBUG - Parsing relationship: /_rels/.rels
20:03:20.102 [main] DEBUG - using default POIXMLDocumentPart for http://schemas.openxmlformats.org/officeDocument/2006/relationships/printerSettings
22:27:55.188 [main] INFO  - Goto my account-->Click on Login.. 
22:27:58.335 [main] DEBUG - Parsing relationship: /xl/_rels/workbook.xml.rels
22:27:58.339 [main] DEBUG - Parsing relationship: /xl/worksheets/_rels/sheet1.xml.rels
22:27:58.343 [main] DEBUG - Parsing relationship: /_rels/.rels
22:27:59.666 [main] TRACE - Loading type system org.apache.poi.schemas.ooxml.system.ooxml
22:27:59.690 [main] TRACE - Loading type system org.apache.xmlbeans.metadata.system.sXMLCONFIG
22:27:59.691 [main] TRACE - Loading type system org.apache.xmlbeans.metadata.system.sXMLLANG
22:27:59.692 [main] TRACE - Loading type system org.apache.xmlbeans.metadata.system.sXMLSCHEMA
22:27:59.693 [main] TRACE - Loading type system org.apache.xmlbeans.metadata.system.sXMLTOOLS
22:27:59.695 [main] TRACE - Reading unresolved handles for type system org.apache.xmlbeans.metadata.system.sXMLTOOLS
22:27:59.735 [main] TRACE - Finished loading type system org.apache.xmlbeans.metadata.system.sXMLTOOLS
22:27:59.737 [main] TRACE - Reading unresolved handles for type system org.apache.xmlbeans.metadata.system.sXMLSCHEMA
22:27:59.756 [main] TRACE - Finished loading type system org.apache.xmlbeans.metadata.system.sXMLSCHEMA
22:27:59.758 [main] TRACE - Reading unresolved handles for type system org.apache.xmlbeans.metadata.system.sXMLLANG
22:27:59.780 [main] TRACE - Finished loading type system org.apache.xmlbeans.metadata.system.sXMLLANG
22:27:59.781 [main] TRACE - Reading unresolved handles for type system org.apache.xmlbeans.metadata.system.sXMLCONFIG
22:27:59.827 [main] TRACE - Finished loading type system org.apache.xmlbeans.metadata.system.sXMLCONFIG
22:27:59.829 [main] TRACE - Reading unresolved handles for type system org.apache.poi.schemas.ooxml.system.ooxml
22:28:00.084 [main] TRACE - Finished loading type system org.apache.poi.schemas.ooxml.system.ooxml
22:28:00.222 [main] TRACE - Resolving type for handle themefd26doctype
22:28:00.575 [main] TRACE - Resolving type for handle stylesheet5d8bdoctype
22:28:00.587 [main] TRACE - Resolving type for handle ctstylesheet4257type
22:28:00.623 [main] TRACE - Resolving type for handle ctfonts6623type
22:28:00.631 [main] TRACE - Resolving type for handle ctfont14d8type
22:28:00.660 [main] TRACE - Resolving type for handle ctfills2c6ftype
22:28:00.676 [main] TRACE - Resolving type for handle ctfill550ctype
22:28:00.680 [main] TRACE - Resolving type for handle ctborders0d66type
22:28:00.712 [main] TRACE - Resolving type for handle ctborderf935type
22:28:00.719 [main] TRACE - Resolving type for handle ctcellxfs1322type
22:28:00.738 [main] TRACE - Resolving type for handle ctxf97f7type
22:28:00.745 [main] TRACE - Resolving type for handle ctcellstylexfsa81ftype
22:28:00.751 [main] TRACE - Resolving type for handle ctdxfsb26atype
22:28:00.758 [main] TRACE - Resolving type for handle cttablestyles872ftype
22:28:00.781 [main] TRACE - Resolving type for handle sstf81fdoctype
22:28:00.791 [main] TRACE - Resolving type for handle ctsst44f3type
22:28:00.870 [main] TRACE - Resolving type for handle ctrsta472type
22:28:00.950 [main] DEBUG - using default POIXMLDocumentPart for http://schemas.openxmlformats.org/officeDocument/2006/relationships/printerSettings
22:28:00.952 [main] TRACE - Resolving type for handle workbookec17doctype
22:28:00.962 [main] TRACE - Resolving type for handle ctworkbook83c3type
22:28:00.987 [main] TRACE - Resolving type for handle ctsheets49fdtype
22:28:01.041 [main] TRACE - Resolving type for handle ctsheet4dbetype
22:28:01.046 [main] TRACE - Resolving type for handle strelationshipid1e94type
22:28:01.053 [main] TRACE - Resolving type for handle worksheetf539doctype
22:28:01.084 [main] TRACE - Resolving type for handle ctworksheet530dtype
22:28:01.150 [main] TRACE - Resolving type for handle ctsheetdata8408type
22:28:01.163 [main] TRACE - Resolving type for handle ctrowdd39type
22:28:01.174 [main] TRACE - Resolving type for handle ctcell842btype
22:28:01.267 [main] TRACE - Resolving type for handle stcellrefe4e0type
22:28:01.290 [main] TRACE - Resolving type for handle ctcols627ctype
22:28:01.307 [main] TRACE - Resolving type for handle ctcola95ftype
22:28:01.391 [main] TRACE - Resolving type for handle cthyperlinks6416type
22:28:01.396 [main] TRACE - Resolving type for handle cthyperlink0c85type
22:28:01.466 [main] TRACE - Resolving type for handle stxstringf179type
22:28:01.474 [main] TRACE - Resolving type for handle stcelltypebf95type
22:28:10.127 [main] INFO  - Goto my account-->Click on Login.. 
22:28:11.094 [main] DEBUG - Parsing relationship: /xl/_rels/workbook.xml.rels
22:28:11.125 [main] DEBUG - Parsing relationship: /xl/worksheets/_rels/sheet1.xml.rels
22:28:11.134 [main] DEBUG - Parsing relationship: /_rels/.rels
22:28:11.185 [main] DEBUG - using default POIXMLDocumentPart for http://schemas.openxmlformats.org/officeDocument/2006/relationships/printerSettings
22:28:28.722 [main] INFO  - Goto my account-->Click on Login.. 
22:28:29.359 [main] DEBUG - Parsing relationship: /xl/_rels/workbook.xml.rels
22:28:29.366 [main] DEBUG - Parsing relationship: /xl/worksheets/_rels/sheet1.xml.rels
22:28:29.373 [main] DEBUG - Parsing relationship: /_rels/.rels
22:28:29.428 [main] DEBUG - using default POIXMLDocumentPart for http://schemas.openxmlformats.org/officeDocument/2006/relationships/printerSettings
22:28:38.428 [main] INFO  - Goto my account-->Click on Login.. 
22:28:39.126 [main] DEBUG - Parsing relationship: /xl/_rels/workbook.xml.rels
22:28:39.138 [main] DEBUG - Parsing relationship: /xl/worksheets/_rels/sheet1.xml.rels
22:28:39.142 [main] DEBUG - Parsing relationship: /_rels/.rels
22:28:39.197 [main] DEBUG - using default POIXMLDocumentPart for http://schemas.openxmlformats.org/officeDocument/2006/relationships/printerSettings
22:28:57.373 [main] INFO  - Goto my account-->Click on Login.. 
22:28:57.990 [main] DEBUG - Parsing relationship: /xl/_rels/workbook.xml.rels
22:28:57.993 [main] DEBUG - Parsing relationship: /xl/worksheets/_rels/sheet1.xml.rels
22:28:57.994 [main] DEBUG - Parsing relationship: /_rels/.rels
22:28:58.045 [main] DEBUG - using default POIXMLDocumentPart for http://schemas.openxmlformats.org/officeDocument/2006/relationships/printerSettings
